0 info it worked if it ends with ok
1 verbose cli [ 'D:\\Program Files\\nodejs\\node.exe',
1 verbose cli   'C:\\Users\\DELL\\AppData\\Roaming\\npm\\node_modules\\npm\\bin\\npm-cli.js',
1 verbose cli   'run',
1 verbose cli   'dev' ]
2 info using npm@3.10.8
3 info using node@v4.5.0
4 verbose run-script [ 'predev', 'dev', 'postdev' ]
5 info lifecycle leilihuang@1.0.0~predev: leilihuang@1.0.0
6 silly lifecycle leilihuang@1.0.0~predev: no script for predev, continuing
7 info lifecycle leilihuang@1.0.0~dev: leilihuang@1.0.0
8 verbose lifecycle leilihuang@1.0.0~dev: unsafe-perm in lifecycle true
9 verbose lifecycle leilihuang@1.0.0~dev: PATH: C:\Users\DELL\AppData\Roaming\npm\node_modules\.npm_npminstall\node_modules\.3.10.8@npm\bin\node-gyp-bin;D:\userWork\react-H5\node_modules\.bin;C:\Program Files (x86)\Intel\iCLS Client\;C:\Program Files\Intel\iCLS Client\;C:\Windows\system32;C:\Windows;C:\Windows\System32\Wbem;C:\Windows\System32\WindowsPowerShell\v1.0\;C:\Program Files (x86)\Intel\Intel(R) Management Engine Components\DAL;C:\Program Files\Intel\Intel(R) Management Engine Components\DAL;C:\Program Files (x86)\Intel\Intel(R) Management Engine Components\IPT;C:\Program Files\Intel\Intel(R) Management Engine Components\IPT;C:\Program Files (x86)\AMD\ATI.ACE\Core-Static;D:\Program Files\TortoiseSVN\bin;D:\Program Files\nodejs\;C:\Ruby23-x64\bin;C:\Users\DELL\AppData\Roaming\npm;D:\Program Files (x86)\SSH Communications Security\SSH Secure Shell
10 verbose lifecycle leilihuang@1.0.0~dev: CWD: D:\userWork\react-H5
11 silly lifecycle leilihuang@1.0.0~dev: Args: [ '/d /s /c',
11 silly lifecycle   'webpack-dev-server  --devtool eval --progress --colors --hot --content-base  dist --history-api-fallback' ]
12 verbose stack Error: kill ENOSYS
12 verbose stack     at exports._errnoException (util.js:907:11)
12 verbose stack     at process.kill (node.js:777:15)
12 verbose stack     at process.listener (C:\Users\DELL\AppData\Roaming\npm\node_modules\.npm_npminstall\node_modules\.3.10.8@npm\node_modules\npmlog\node_modules\gauge\node_modules\signal-exit\index.js:86:15)
12 verbose stack     at emitNone (events.js:72:20)
12 verbose stack     at process.emit (events.js:166:7)
12 verbose stack     at processEmit (C:\Users\DELL\AppData\Roaming\npm\node_modules\.npm_npminstall\node_modules\.3.10.8@npm\node_modules\npmlog\node_modules\gauge\node_modules\signal-exit\index.js:146:32)
12 verbose stack     at processEmit (C:\Users\DELL\AppData\Roaming\npm\node_modules\.npm_npminstall\node_modules\.3.10.8@npm\node_modules\npm-registry-client\node_modules\npmlog\node_modules\gauge\node_modules\signal-exit\index.js:146:32)
12 verbose stack     at Signal.wrap.onsignal (node.js:804:46)
13 verbose cwd D:\userWork\react-H5
14 error Windows_NT 10.0.10240
15 error argv "D:\\Program Files\\nodejs\\node.exe" "C:\\Users\\DELL\\AppData\\Roaming\\npm\\node_modules\\npm\\bin\\npm-cli.js" "run" "dev"
16 error node v4.5.0
17 error npm  v3.10.8
18 error code ENOSYS
19 error errno ENOSYS
20 error syscall kill
21 error kill ENOSYS
22 error If you need help, you may report this error at:
22 error     <https://github.com/npm/npm/issues>
23 verbose exit [ 1, true ]
